[debug] [2021-03-13T14:29:44.382Z] ----------------------------------------------------------------------
[debug] [2021-03-13T14:29:44.384Z] Command:       C:\Program Files\nodejs\node.exe C:\Users\johan\AppData\Roaming\npm\node_modules\firebase-tools\lib\bin\firebase.js emulators:start
[debug] [2021-03-13T14:29:44.384Z] CLI Version:   9.6.1
[debug] [2021-03-13T14:29:44.384Z] Platform:      win32
[debug] [2021-03-13T14:29:44.385Z] Node Version:  v14.15.5
[debug] [2021-03-13T14:29:44.392Z] Time:          Sat Mar 13 2021 15:29:44 GMT+0100 (heure normale d’Europe centrale)
[debug] [2021-03-13T14:29:44.392Z] ----------------------------------------------------------------------
[debug] [2021-03-13T14:29:44.392Z] 
[debug] [2021-03-13T14:29:44.400Z] > command requires scopes: ["email","openid","https://www.googleapis.com/auth/cloudplatformprojects.readonly","https://www.googleapis.com/auth/firebase","https://www.googleapis.com/auth/cloud-platform"]
[debug] [2021-03-13T14:29:44.400Z] > authorizing via signed-in user
[info] i  emulators: Starting emulators: auth, database {"metadata":{"emulator":{"name":"hub"},"message":"Starting emulators: auth, database"}}
[debug] [2021-03-13T14:29:44.422Z] [hub] writing locator at C:\Users\johan\AppData\Local\Temp\hub-money-run-4f27f.json
[debug] [2021-03-13T14:29:44.448Z] >>> [apiv2][query] GET https://firebase.googleapis.com/v1beta1/projects/money-run-4f27f [none]
[debug] [2021-03-13T14:29:44.651Z] <<< [apiv2][status] GET https://firebase.googleapis.com/v1beta1/projects/money-run-4f27f 200
[debug] [2021-03-13T14:29:44.651Z] <<< [apiv2][body] GET https://firebase.googleapis.com/v1beta1/projects/money-run-4f27f {"projectId":"money-run-4f27f","projectNumber":"914167143030","displayName":"Money Run","name":"projects/money-run-4f27f","resources":{"hostingSite":"money-run-4f27f","realtimeDatabaseInstance":"money-run-4f27f-default-rtdb","storageBucket":"money-run-4f27f.appspot.com","locationId":"europe-west"},"state":"ACTIVE"}
[debug] [2021-03-13T14:29:44.651Z] database rules config:  []
[warn] !  database: Did not find a Realtime Database rules file specified in a firebase.json config file. The emulator will default to allowing all reads and writes. Learn more about this option: https://firebase.google.com/docs/emulator-suite/install_and_configure#security_rules_configuration. {"metadata":{"emulator":{"name":"database"},"message":"Did not find a Realtime Database rules file specified in a firebase.json config file. The emulator will default to allowing all reads and writes. Learn more about this option: https://firebase.google.com/docs/emulator-suite/install_and_configure#security_rules_configuration."}}
[debug] [2021-03-13T14:29:44.653Z] Ignoring unsupported arg: projectId {"metadata":{"emulator":{"name":"database"},"message":"Ignoring unsupported arg: projectId"}}
[debug] [2021-03-13T14:29:44.653Z] Ignoring unsupported arg: auto_download {"metadata":{"emulator":{"name":"database"},"message":"Ignoring unsupported arg: auto_download"}}
[debug] [2021-03-13T14:29:44.654Z] Ignoring unsupported arg: rules {"metadata":{"emulator":{"name":"database"},"message":"Ignoring unsupported arg: rules"}}
[debug] [2021-03-13T14:29:44.654Z] Starting Database Emulator with command {"binary":"java","args":["-Duser.language=en","-jar","C:\\Users\\johan\\.cache\\firebase\\emulators\\firebase-database-emulator-v4.7.2.jar","--host","localhost","--port",9000],"optionalArgs":["port","host","functions_emulator_port","functions_emulator_host"],"joinArgs":false} {"metadata":{"emulator":{"name":"database"},"message":"Starting Database Emulator with command {\"binary\":\"java\",\"args\":[\"-Duser.language=en\",\"-jar\",\"C:\\\\Users\\\\johan\\\\.cache\\\\firebase\\\\emulators\\\\firebase-database-emulator-v4.7.2.jar\",\"--host\",\"localhost\",\"--port\",9000],\"optionalArgs\":[\"port\",\"host\",\"functions_emulator_port\",\"functions_emulator_host\"],\"joinArgs\":false}"}}
[info] i  database: Database Emulator logging to database-debug.log {"metadata":{"emulator":{"name":"database"},"message":"Database Emulator logging to \u001b[1mdatabase-debug.log\u001b[22m"}}
[info] i  ui: downloading ui-v1.4.2.zip... {"metadata":{"emulator":{"name":"ui"},"message":"downloading ui-v1.4.2.zip..."}}
[debug] [2021-03-13T14:29:49.399Z] >>> [apiv2][query] GET https://storage.googleapis.com/firebase-preview-drop/emulator/ui-v1.4.2.zip [none]
[debug] [2021-03-13T14:29:49.558Z] <<< [apiv2][status] GET https://storage.googleapis.com/firebase-preview-drop/emulator/ui-v1.4.2.zip 200
[debug] [2021-03-13T14:29:49.558Z] <<< [apiv2][body] GET https://storage.googleapis.com/firebase-preview-drop/emulator/ui-v1.4.2.zip [stream]
[debug] [2021-03-13T14:29:49.993Z] Ignoring unsupported arg: auto_download {"metadata":{"emulator":{"name":"ui"},"message":"Ignoring unsupported arg: auto_download"}}
[debug] [2021-03-13T14:29:49.993Z] Ignoring unsupported arg: port {"metadata":{"emulator":{"name":"ui"},"message":"Ignoring unsupported arg: port"}}
[debug] [2021-03-13T14:29:49.993Z] Starting Emulator UI with command {"binary":"node","args":["C:\\Users\\johan\\.cache\\firebase\\emulators\\ui-v1.4.2\\server.bundle.js"],"optionalArgs":[],"joinArgs":false} {"metadata":{"emulator":{"name":"ui"},"message":"Starting Emulator UI with command {\"binary\":\"node\",\"args\":[\"C:\\\\Users\\\\johan\\\\.cache\\\\firebase\\\\emulators\\\\ui-v1.4.2\\\\server.bundle.js\"],\"optionalArgs\":[],\"joinArgs\":false}"}}
[info] i  ui: Emulator UI logging to ui-debug.log {"metadata":{"emulator":{"name":"ui"},"message":"Emulator UI logging to \u001b[1mui-debug.log\u001b[22m"}}
[debug] [2021-03-13T14:29:50.112Z] Web / API server started at http://localhost:4000
 {"metadata":{"emulator":{"name":"ui"},"message":"Web / API server started at http://localhost:4000\n"}}
[info] 
┌─────────────────────────────────────────────────────────────┐
│ ✔  All emulators ready! It is now safe to connect your app. │
│ i  View Emulator UI at http://localhost:4000                │
└─────────────────────────────────────────────────────────────┘

┌────────────────┬────────────────┬────────────────────────────────┐
│ Emulator       │ Host:Port      │ View in Emulator UI            │
├────────────────┼────────────────┼────────────────────────────────┤
│ Authentication │ localhost:9099 │ http://localhost:4000/auth     │
├────────────────┼────────────────┼────────────────────────────────┤
│ Database       │ localhost:9000 │ http://localhost:4000/database │
└────────────────┴────────────────┴────────────────────────────────┘
  Emulator Hub running at localhost:4400
  Other reserved ports: 4500

Issues? Report them at https://github.com/firebase/firebase-tools/issues and attach the *-debug.log files.
 
[warn] !  database: Fatal error occurred: 
   Database Emulator has exited with code: 3221225786, 
   stopping all running emulators {"metadata":{"emulator":{"name":"database"},"message":"Fatal error occurred: \n   Database Emulator has exited with code: 3221225786, \n   stopping all running emulators"}}
